{"/Users/learnacademy/Desktop/bid_up_kjr/app/javascript/components/App.js": {"path":"/Users/learnacademy/Desktop/bid_up_kjr/app/javascript/components/App.js","statementMap":{"0":{"start":{"line":14,"column":4},"end":{"line":14,"column":17}},"1":{"start":{"line":15,"column":4},"end":{"line":17,"column":6}},"2":{"start":{"line":21,"column":4},"end":{"line":21,"column":23}},"3":{"start":{"line":24,"column":16},"end":{"line":29,"column":3}},"4":{"start":{"line":25,"column":4},"end":{"line":28,"column":70}},"5":{"start":{"line":26,"column":26},"end":{"line":26,"column":41}},"6":{"start":{"line":27,"column":31},"end":{"line":27,"column":73}},"7":{"start":{"line":28,"column":25},"end":{"line":28,"column":68}},"8":{"start":{"line":31,"column":18},"end":{"line":42,"column":3}},"9":{"start":{"line":32,"column":4},"end":{"line":41,"column":72}},"10":{"start":{"line":39,"column":26},"end":{"line":39,"column":41}},"11":{"start":{"line":40,"column":25},"end":{"line":40,"column":43}},"12":{"start":{"line":41,"column":25},"end":{"line":41,"column":70}},"13":{"start":{"line":44,"column":18},"end":{"line":57,"column":3}},"14":{"start":{"line":45,"column":4},"end":{"line":56,"column":6}},"15":{"start":{"line":52,"column":6},"end":{"line":55,"column":73}},"16":{"start":{"line":54,"column":27},"end":{"line":54,"column":45}},"17":{"start":{"line":55,"column":27},"end":{"line":55,"column":72}},"18":{"start":{"line":59,"column":14},"end":{"line":69,"column":3}},"19":{"start":{"line":59,"column":35},"end":{"line":69,"column":3}},"20":{"start":{"line":60,"column":4},"end":{"line":68,"column":38}},"21":{"start":{"line":68,"column":18},"end":{"line":68,"column":36}},"22":{"start":{"line":83,"column":8},"end":{"line":83,"column":18}},"23":{"start":{"line":84,"column":4},"end":{"line":145,"column":6}},"24":{"start":{"line":92,"column":33},"end":{"line":92,"column":72}},"25":{"start":{"line":96,"column":33},"end":{"line":96,"column":78}},"26":{"start":{"line":101,"column":25},"end":{"line":101,"column":46}},"27":{"start":{"line":102,"column":30},"end":{"line":104,"column":17}},"28":{"start":{"line":103,"column":31},"end":{"line":103,"column":47}},"29":{"start":{"line":105,"column":16},"end":{"line":114,"column":18}},"30":{"start":{"line":120,"column":16},"end":{"line":120,"column":65}},"31":{"start":{"line":127,"column":25},"end":{"line":127,"column":47}},"32":{"start":{"line":128,"column":30},"end":{"line":130,"column":17}},"33":{"start":{"line":129,"column":31},"end":{"line":129,"column":48}},"34":{"start":{"line":131,"column":16},"end":{"line":137,"column":18}}},"fnMap":{"0":{"name":"(anonymous_0)","decl":{"start":{"line":13,"column":2},"end":{"line":13,"column":3}},"loc":{"start":{"line":13,"column":21},"end":{"line":18,"column":3}},"line":13},"1":{"name":"(anonymous_1)","decl":{"start":{"line":20,"column":2},"end":{"line":20,"column":3}},"loc":{"start":{"line":20,"column":22},"end":{"line":22,"column":3}},"line":20},"2":{"name":"(anonymous_2)","decl":{"start":{"line":24,"column":16},"end":{"line":24,"column":17}},"loc":{"start":{"line":24,"column":22},"end":{"line":29,"column":3}},"line":24},"3":{"name":"(anonymous_3)","decl":{"start":{"line":26,"column":12},"end":{"line":26,"column":13}},"loc":{"start":{"line":26,"column":26},"end":{"line":26,"column":41}},"line":26},"4":{"name":"(anonymous_4)","decl":{"start":{"line":27,"column":12},"end":{"line":27,"column":13}},"loc":{"start":{"line":27,"column":31},"end":{"line":27,"column":73}},"line":27},"5":{"name":"(anonymous_5)","decl":{"start":{"line":28,"column":13},"end":{"line":28,"column":14}},"loc":{"start":{"line":28,"column":25},"end":{"line":28,"column":68}},"line":28},"6":{"name":"(anonymous_6)","decl":{"start":{"line":31,"column":18},"end":{"line":31,"column":19}},"loc":{"start":{"line":31,"column":31},"end":{"line":42,"column":3}},"line":31},"7":{"name":"(anonymous_7)","decl":{"start":{"line":39,"column":12},"end":{"line":39,"column":13}},"loc":{"start":{"line":39,"column":26},"end":{"line":39,"column":41}},"line":39},"8":{"name":"(anonymous_8)","decl":{"start":{"line":40,"column":12},"end":{"line":40,"column":13}},"loc":{"start":{"line":40,"column":25},"end":{"line":40,"column":43}},"line":40},"9":{"name":"(anonymous_9)","decl":{"start":{"line":41,"column":13},"end":{"line":41,"column":14}},"loc":{"start":{"line":41,"column":25},"end":{"line":41,"column":70}},"line":41},"10":{"name":"(anonymous_10)","decl":{"start":{"line":44,"column":18},"end":{"line":44,"column":19}},"loc":{"start":{"line":44,"column":41},"end":{"line":57,"column":3}},"line":44},"11":{"name":"(anonymous_11)","decl":{"start":{"line":51,"column":12},"end":{"line":51,"column":13}},"loc":{"start":{"line":52,"column":6},"end":{"line":55,"column":73}},"line":52},"12":{"name":"(anonymous_12)","decl":{"start":{"line":54,"column":14},"end":{"line":54,"column":15}},"loc":{"start":{"line":54,"column":27},"end":{"line":54,"column":45}},"line":54},"13":{"name":"(anonymous_13)","decl":{"start":{"line":55,"column":15},"end":{"line":55,"column":16}},"loc":{"start":{"line":55,"column":27},"end":{"line":55,"column":72}},"line":55},"14":{"name":"(anonymous_14)","decl":{"start":{"line":59,"column":14},"end":{"line":59,"column":15}},"loc":{"start":{"line":59,"column":35},"end":{"line":69,"column":3}},"line":59},"15":{"name":"(anonymous_15)","decl":{"start":{"line":59,"column":35},"end":{"line":59,"column":36}},"loc":{"start":{"line":59,"column":46},"end":{"line":69,"column":3}},"line":59},"16":{"name":"(anonymous_16)","decl":{"start":{"line":68,"column":12},"end":{"line":68,"column":13}},"loc":{"start":{"line":68,"column":18},"end":{"line":68,"column":36}},"line":68},"17":{"name":"(anonymous_17)","decl":{"start":{"line":71,"column":2},"end":{"line":71,"column":3}},"loc":{"start":{"line":71,"column":11},"end":{"line":146,"column":3}},"line":71},"18":{"name":"(anonymous_18)","decl":{"start":{"line":92,"column":22},"end":{"line":92,"column":23}},"loc":{"start":{"line":92,"column":33},"end":{"line":92,"column":72}},"line":92},"19":{"name":"(anonymous_19)","decl":{"start":{"line":96,"column":22},"end":{"line":96,"column":23}},"loc":{"start":{"line":96,"column":33},"end":{"line":96,"column":78}},"line":96},"20":{"name":"(anonymous_20)","decl":{"start":{"line":100,"column":22},"end":{"line":100,"column":23}},"loc":{"start":{"line":100,"column":33},"end":{"line":115,"column":15}},"line":100},"21":{"name":"(anonymous_21)","decl":{"start":{"line":103,"column":18},"end":{"line":103,"column":19}},"loc":{"start":{"line":103,"column":31},"end":{"line":103,"column":47}},"line":103},"22":{"name":"(anonymous_22)","decl":{"start":{"line":119,"column":22},"end":{"line":119,"column":23}},"loc":{"start":{"line":120,"column":16},"end":{"line":120,"column":65}},"line":120},"23":{"name":"(anonymous_23)","decl":{"start":{"line":126,"column":22},"end":{"line":126,"column":23}},"loc":{"start":{"line":126,"column":33},"end":{"line":138,"column":15}},"line":126},"24":{"name":"(anonymous_24)","decl":{"start":{"line":129,"column":18},"end":{"line":129,"column":19}},"loc":{"start":{"line":129,"column":31},"end":{"line":129,"column":48}},"line":129}},"branchMap":{},"s":{"0":6,"1":6,"2":6,"3":6,"4":6,"5":0,"6":0,"7":6,"8":6,"9":0,"10":0,"11":0,"12":0,"13":6,"14":0,"15":0,"16":0,"17":0,"18":6,"19":0,"20":0,"21":0,"22":6,"23":6,"24":0,"25":0,"26":0,"27":0,"28":0,"29":0,"30":0,"31":0,"32":0,"33":0,"34":0},"f":{"0":6,"1":6,"2":6,"3":0,"4":0,"5":6,"6":0,"7":0,"8":0,"9":0,"10":0,"11":0,"12":0,"13":0,"14":0,"15":0,"16":0,"17":6,"18":0,"19":0,"20":0,"21":0,"22":0,"23":0,"24":0},"b":{},"_coverageSchema":"1a1c01bbd47fc00a2c39e90264f33305004495a9","hash":"e431c75c655a5350c8066ed208a00472bcc2c732"}
,"/Users/learnacademy/Desktop/bid_up_kjr/app/javascript/components/components/BidNew.js": {"path":"/Users/learnacademy/Desktop/bid_up_kjr/app/javascript/components/components/BidNew.js","statementMap":{"0":{"start":{"line":8,"column":4},"end":{"line":8,"column":17}},"1":{"start":{"line":9,"column":4},"end":{"line":14,"column":6}},"2":{"start":{"line":16,"column":17},"end":{"line":20,"column":3}},"3":{"start":{"line":17,"column":21},"end":{"line":17,"column":31}},"4":{"start":{"line":18,"column":4},"end":{"line":18,"column":43}},"5":{"start":{"line":19,"column":4},"end":{"line":19,"column":38}},"6":{"start":{"line":22,"column":17},"end":{"line":25,"column":3}},"7":{"start":{"line":23,"column":4},"end":{"line":23,"column":50}},"8":{"start":{"line":24,"column":4},"end":{"line":24,"column":39}},"9":{"start":{"line":28,"column":4},"end":{"line":39,"column":6}}},"fnMap":{"0":{"name":"(anonymous_0)","decl":{"start":{"line":7,"column":2},"end":{"line":7,"column":3}},"loc":{"start":{"line":7,"column":21},"end":{"line":15,"column":3}},"line":7},"1":{"name":"(anonymous_1)","decl":{"start":{"line":16,"column":17},"end":{"line":16,"column":18}},"loc":{"start":{"line":16,"column":24},"end":{"line":20,"column":3}},"line":16},"2":{"name":"(anonymous_2)","decl":{"start":{"line":22,"column":17},"end":{"line":22,"column":18}},"loc":{"start":{"line":22,"column":23},"end":{"line":25,"column":3}},"line":22},"3":{"name":"(anonymous_3)","decl":{"start":{"line":27,"column":2},"end":{"line":27,"column":3}},"loc":{"start":{"line":27,"column":11},"end":{"line":40,"column":3}},"line":27}},"branchMap":{},"s":{"0":4,"1":4,"2":4,"3":0,"4":0,"5":0,"6":4,"7":0,"8":0,"9":4},"f":{"0":4,"1":0,"2":0,"3":4},"b":{},"_coverageSchema":"1a1c01bbd47fc00a2c39e90264f33305004495a9","hash":"8d202783694b0e1c5105e8dbf67d87a94592b54d"}
,"/Users/learnacademy/Desktop/bid_up_kjr/app/javascript/components/components/Header.js": {"path":"/Users/learnacademy/Desktop/bid_up_kjr/app/javascript/components/components/Header.js","statementMap":{"0":{"start":{"line":21,"column":8},"end":{"line":21,"column":18}},"1":{"start":{"line":23,"column":4},"end":{"line":65,"column":6}}},"fnMap":{"0":{"name":"(anonymous_0)","decl":{"start":{"line":11,"column":2},"end":{"line":11,"column":3}},"loc":{"start":{"line":11,"column":11},"end":{"line":66,"column":3}},"line":11}},"branchMap":{"0":{"loc":{"start":{"line":32,"column":13},"end":{"line":36,"column":13}},"type":"binary-expr","locations":[{"start":{"line":32,"column":13},"end":{"line":32,"column":22}},{"start":{"line":33,"column":14},"end":{"line":35,"column":24}}],"line":32},"1":{"loc":{"start":{"line":47,"column":13},"end":{"line":51,"column":13}},"type":"binary-expr","locations":[{"start":{"line":47,"column":13},"end":{"line":47,"column":23}},{"start":{"line":48,"column":14},"end":{"line":50,"column":18}}],"line":47},"2":{"loc":{"start":{"line":52,"column":13},"end":{"line":56,"column":13}},"type":"binary-expr","locations":[{"start":{"line":52,"column":13},"end":{"line":52,"column":22}},{"start":{"line":53,"column":14},"end":{"line":55,"column":18}}],"line":52},"3":{"loc":{"start":{"line":57,"column":13},"end":{"line":61,"column":13}},"type":"binary-expr","locations":[{"start":{"line":57,"column":13},"end":{"line":57,"column":23}},{"start":{"line":58,"column":14},"end":{"line":60,"column":18}}],"line":57}},"s":{"0":6,"1":6},"f":{"0":6},"b":{"0":[6,0],"1":[6,6],"2":[6,0],"3":[6,6]},"_coverageSchema":"1a1c01bbd47fc00a2c39e90264f33305004495a9","hash":"1bb7fea7551562d19b507e769e69a7683ffcf162"}
,"/Users/learnacademy/Desktop/bid_up_kjr/app/javascript/components/pages/AboutUs.js": {"path":"/Users/learnacademy/Desktop/bid_up_kjr/app/javascript/components/pages/AboutUs.js","statementMap":{"0":{"start":{"line":6,"column":4},"end":{"line":66,"column":5}}},"fnMap":{"0":{"name":"(anonymous_0)","decl":{"start":{"line":5,"column":2},"end":{"line":5,"column":3}},"loc":{"start":{"line":5,"column":11},"end":{"line":67,"column":3}},"line":5}},"branchMap":{},"s":{"0":1},"f":{"0":1},"b":{},"_coverageSchema":"1a1c01bbd47fc00a2c39e90264f33305004495a9","hash":"cdbcc5e371badaf91bddf1ad0c5c0ead293d223c"}
,"/Users/learnacademy/Desktop/bid_up_kjr/app/javascript/components/pages/AuctionEdit.js": {"path":"/Users/learnacademy/Desktop/bid_up_kjr/app/javascript/components/pages/AuctionEdit.js","statementMap":{"0":{"start":{"line":8,"column":4},"end":{"line":8,"column":16}},"1":{"start":{"line":9,"column":34},"end":{"line":9,"column":47}},"2":{"start":{"line":10,"column":4},"end":{"line":25,"column":5}},"3":{"start":{"line":28,"column":17},"end":{"line":32,"column":3}},"4":{"start":{"line":29,"column":28},"end":{"line":29,"column":38}},"5":{"start":{"line":30,"column":4},"end":{"line":30,"column":49}},"6":{"start":{"line":31,"column":4},"end":{"line":31,"column":51}},"7":{"start":{"line":34,"column":17},"end":{"line":37,"column":3}},"8":{"start":{"line":35,"column":4},"end":{"line":35,"column":69}},"9":{"start":{"line":36,"column":4},"end":{"line":36,"column":38}},"10":{"start":{"line":40,"column":4},"end":{"line":125,"column":5}}},"fnMap":{"0":{"name":"(anonymous_0)","decl":{"start":{"line":7,"column":2},"end":{"line":7,"column":3}},"loc":{"start":{"line":7,"column":21},"end":{"line":26,"column":3}},"line":7},"1":{"name":"(anonymous_1)","decl":{"start":{"line":28,"column":17},"end":{"line":28,"column":18}},"loc":{"start":{"line":28,"column":24},"end":{"line":32,"column":3}},"line":28},"2":{"name":"(anonymous_2)","decl":{"start":{"line":34,"column":17},"end":{"line":34,"column":18}},"loc":{"start":{"line":34,"column":23},"end":{"line":37,"column":3}},"line":34},"3":{"name":"(anonymous_3)","decl":{"start":{"line":39,"column":2},"end":{"line":39,"column":3}},"loc":{"start":{"line":39,"column":11},"end":{"line":126,"column":3}},"line":39}},"branchMap":{"0":{"loc":{"start":{"line":121,"column":11},"end":{"line":121,"column":71}},"type":"binary-expr","locations":[{"start":{"line":121,"column":11},"end":{"line":121,"column":31}},{"start":{"line":121,"column":35},"end":{"line":121,"column":71}}],"line":121}},"s":{"0":1,"1":1,"2":0,"3":1,"4":0,"5":0,"6":0,"7":1,"8":0,"9":0,"10":0},"f":{"0":1,"1":0,"2":0,"3":0},"b":{"0":[0,0]},"_coverageSchema":"1a1c01bbd47fc00a2c39e90264f33305004495a9","hash":"ba92b0cb07c53ed72dceebb9f6f643d3f354fb74"}
,"/Users/learnacademy/Desktop/bid_up_kjr/app/javascript/components/pages/AuctionNew.js": {"path":"/Users/learnacademy/Desktop/bid_up_kjr/app/javascript/components/pages/AuctionNew.js","statementMap":{"0":{"start":{"line":8,"column":4},"end":{"line":8,"column":17}},"1":{"start":{"line":9,"column":4},"end":{"line":24,"column":6}},"2":{"start":{"line":27,"column":17},"end":{"line":31,"column":3}},"3":{"start":{"line":28,"column":25},"end":{"line":28,"column":35}},"4":{"start":{"line":29,"column":4},"end":{"line":29,"column":47}},"5":{"start":{"line":30,"column":4},"end":{"line":30,"column":46}},"6":{"start":{"line":33,"column":17},"end":{"line":36,"column":3}},"7":{"start":{"line":34,"column":4},"end":{"line":34,"column":52}},"8":{"start":{"line":35,"column":4},"end":{"line":35,"column":39}},"9":{"start":{"line":39,"column":4},"end":{"line":132,"column":6}}},"fnMap":{"0":{"name":"(anonymous_0)","decl":{"start":{"line":7,"column":2},"end":{"line":7,"column":3}},"loc":{"start":{"line":7,"column":21},"end":{"line":25,"column":3}},"line":7},"1":{"name":"(anonymous_1)","decl":{"start":{"line":27,"column":17},"end":{"line":27,"column":18}},"loc":{"start":{"line":27,"column":24},"end":{"line":31,"column":3}},"line":27},"2":{"name":"(anonymous_2)","decl":{"start":{"line":33,"column":17},"end":{"line":33,"column":18}},"loc":{"start":{"line":33,"column":23},"end":{"line":36,"column":3}},"line":33},"3":{"name":"(anonymous_3)","decl":{"start":{"line":38,"column":2},"end":{"line":38,"column":3}},"loc":{"start":{"line":38,"column":11},"end":{"line":133,"column":3}},"line":38}},"branchMap":{"0":{"loc":{"start":{"line":129,"column":9},"end":{"line":129,"column":69}},"type":"binary-expr","locations":[{"start":{"line":129,"column":9},"end":{"line":129,"column":29}},{"start":{"line":129,"column":33},"end":{"line":129,"column":69}}],"line":129}},"s":{"0":8,"1":8,"2":8,"3":0,"4":0,"5":0,"6":8,"7":0,"8":0,"9":8},"f":{"0":8,"1":0,"2":0,"3":8},"b":{"0":[8,0]},"_coverageSchema":"1a1c01bbd47fc00a2c39e90264f33305004495a9","hash":"24c81a4523d4c84a4fe8299190696830fc523970"}
,"/Users/learnacademy/Desktop/bid_up_kjr/app/javascript/components/pages/AuctionShow.js": {"path":"/Users/learnacademy/Desktop/bid_up_kjr/app/javascript/components/pages/AuctionShow.js","statementMap":{"0":{"start":{"line":10,"column":4},"end":{"line":10,"column":23}},"1":{"start":{"line":11,"column":4},"end":{"line":11,"column":17}},"2":{"start":{"line":12,"column":4},"end":{"line":14,"column":6}},"3":{"start":{"line":17,"column":14},"end":{"line":23,"column":3}},"4":{"start":{"line":18,"column":4},"end":{"line":22,"column":5}},"5":{"start":{"line":19,"column":6},"end":{"line":19,"column":30}},"6":{"start":{"line":21,"column":6},"end":{"line":21,"column":30}},"7":{"start":{"line":25,"column":18},"end":{"line":36,"column":3}},"8":{"start":{"line":26,"column":4},"end":{"line":34,"column":72}},"9":{"start":{"line":32,"column":26},"end":{"line":32,"column":41}},"10":{"start":{"line":33,"column":25},"end":{"line":33,"column":49}},"11":{"start":{"line":34,"column":25},"end":{"line":34,"column":70}},"12":{"start":{"line":35,"column":4},"end":{"line":35,"column":39}},"13":{"start":{"line":39,"column":47},"end":{"line":39,"column":57}},"14":{"start":{"line":40,"column":4},"end":{"line":42,"column":5}},"15":{"start":{"line":41,"column":6},"end":{"line":41,"column":17}},"16":{"start":{"line":43,"column":4},"end":{"line":125,"column":6}},"17":{"start":{"line":113,"column":33},"end":{"line":113,"column":63}}},"fnMap":{"0":{"name":"(anonymous_0)","decl":{"start":{"line":9,"column":2},"end":{"line":9,"column":3}},"loc":{"start":{"line":9,"column":21},"end":{"line":15,"column":3}},"line":9},"1":{"name":"(anonymous_1)","decl":{"start":{"line":17,"column":14},"end":{"line":17,"column":15}},"loc":{"start":{"line":17,"column":20},"end":{"line":23,"column":3}},"line":17},"2":{"name":"(anonymous_2)","decl":{"start":{"line":25,"column":18},"end":{"line":25,"column":19}},"loc":{"start":{"line":25,"column":26},"end":{"line":36,"column":3}},"line":25},"3":{"name":"(anonymous_3)","decl":{"start":{"line":32,"column":12},"end":{"line":32,"column":13}},"loc":{"start":{"line":32,"column":26},"end":{"line":32,"column":41}},"line":32},"4":{"name":"(anonymous_4)","decl":{"start":{"line":33,"column":12},"end":{"line":33,"column":13}},"loc":{"start":{"line":33,"column":25},"end":{"line":33,"column":49}},"line":33},"5":{"name":"(anonymous_5)","decl":{"start":{"line":34,"column":13},"end":{"line":34,"column":14}},"loc":{"start":{"line":34,"column":25},"end":{"line":34,"column":70}},"line":34},"6":{"name":"(anonymous_6)","decl":{"start":{"line":38,"column":2},"end":{"line":38,"column":3}},"loc":{"start":{"line":38,"column":11},"end":{"line":126,"column":3}},"line":38},"7":{"name":"(anonymous_7)","decl":{"start":{"line":113,"column":27},"end":{"line":113,"column":28}},"loc":{"start":{"line":113,"column":33},"end":{"line":113,"column":63}},"line":113}},"branchMap":{"0":{"loc":{"start":{"line":18,"column":4},"end":{"line":22,"column":5}},"type":"if","locations":[{"start":{"line":18,"column":4},"end":{"line":22,"column":5}},{"start":{"line":20,"column":11},"end":{"line":22,"column":5}}],"line":18},"1":{"loc":{"start":{"line":40,"column":4},"end":{"line":42,"column":5}},"type":"if","locations":[{"start":{"line":40,"column":4},"end":{"line":42,"column":5}},{"start":{},"end":{}}],"line":40},"2":{"loc":{"start":{"line":100,"column":13},"end":{"line":102,"column":13}},"type":"binary-expr","locations":[{"start":{"line":100,"column":13},"end":{"line":100,"column":21}},{"start":{"line":100,"column":25},"end":{"line":100,"column":65}},{"start":{"line":101,"column":14},"end":{"line":101,"column":78}}],"line":100},"3":{"loc":{"start":{"line":105,"column":15},"end":{"line":109,"column":15}},"type":"binary-expr","locations":[{"start":{"line":105,"column":15},"end":{"line":105,"column":23}},{"start":{"line":105,"column":27},"end":{"line":105,"column":61}},{"start":{"line":106,"column":16},"end":{"line":108,"column":26}}],"line":105},"4":{"loc":{"start":{"line":111,"column":15},"end":{"line":119,"column":15}},"type":"binary-expr","locations":[{"start":{"line":111,"column":15},"end":{"line":111,"column":23}},{"start":{"line":111,"column":27},"end":{"line":111,"column":61}},{"start":{"line":112,"column":16},"end":{"line":118,"column":25}}],"line":111},"5":{"loc":{"start":{"line":120,"column":15},"end":{"line":120,"column":58}},"type":"binary-expr","locations":[{"start":{"line":120,"column":15},"end":{"line":120,"column":35}},{"start":{"line":120,"column":39},"end":{"line":120,"column":58}}],"line":120}},"s":{"0":1,"1":1,"2":1,"3":1,"4":0,"5":0,"6":0,"7":1,"8":0,"9":0,"10":0,"11":0,"12":0,"13":1,"14":1,"15":1,"16":0,"17":0},"f":{"0":1,"1":0,"2":0,"3":0,"4":0,"5":0,"6":1,"7":0},"b":{"0":[0,0],"1":[1,0],"2":[0,0,0],"3":[0,0,0],"4":[0,0,0],"5":[0,0]},"_coverageSchema":"1a1c01bbd47fc00a2c39e90264f33305004495a9","hash":"69e995ecd8c23b71ce0089f598871ae3b07602f5"}
,"/Users/learnacademy/Desktop/bid_up_kjr/app/javascript/components/pages/Home.js": {"path":"/Users/learnacademy/Desktop/bid_up_kjr/app/javascript/components/pages/Home.js","statementMap":{"0":{"start":{"line":6,"column":4},"end":{"line":30,"column":6}},"1":{"start":{"line":10,"column":12},"end":{"line":26,"column":14}}},"fnMap":{"0":{"name":"(anonymous_0)","decl":{"start":{"line":5,"column":2},"end":{"line":5,"column":3}},"loc":{"start":{"line":5,"column":11},"end":{"line":31,"column":3}},"line":5},"1":{"name":"(anonymous_1)","decl":{"start":{"line":9,"column":35},"end":{"line":9,"column":36}},"loc":{"start":{"line":9,"column":48},"end":{"line":27,"column":11}},"line":9}},"branchMap":{},"s":{"0":1,"1":0},"f":{"0":1,"1":0},"b":{},"_coverageSchema":"1a1c01bbd47fc00a2c39e90264f33305004495a9","hash":"9a9a92a0142ecbb621ca5e462a611a76f3fa8165"}
,"/Users/learnacademy/Desktop/bid_up_kjr/app/javascript/components/pages/MyAuctions.js": {"path":"/Users/learnacademy/Desktop/bid_up_kjr/app/javascript/components/pages/MyAuctions.js","statementMap":{"0":{"start":{"line":6,"column":4},"end":{"line":32,"column":6}},"1":{"start":{"line":10,"column":12},"end":{"line":28,"column":14}}},"fnMap":{"0":{"name":"(anonymous_0)","decl":{"start":{"line":5,"column":2},"end":{"line":5,"column":3}},"loc":{"start":{"line":5,"column":11},"end":{"line":33,"column":3}},"line":5},"1":{"name":"(anonymous_1)","decl":{"start":{"line":9,"column":35},"end":{"line":9,"column":36}},"loc":{"start":{"line":9,"column":48},"end":{"line":29,"column":11}},"line":9}},"branchMap":{},"s":{"0":1,"1":0},"f":{"0":1,"1":0},"b":{},"_coverageSchema":"1a1c01bbd47fc00a2c39e90264f33305004495a9","hash":"20d78e1d0ba500dafee10b2bdf7132be5e812af8"}
,"/Users/learnacademy/Desktop/bid_up_kjr/app/javascript/components/pages/MyBids.js": {"path":"/Users/learnacademy/Desktop/bid_up_kjr/app/javascript/components/pages/MyBids.js","statementMap":{"0":{"start":{"line":7,"column":4},"end":{"line":14,"column":5}}},"fnMap":{"0":{"name":"(anonymous_0)","decl":{"start":{"line":6,"column":2},"end":{"line":6,"column":3}},"loc":{"start":{"line":6,"column":11},"end":{"line":15,"column":3}},"line":6}},"branchMap":{},"s":{"0":2},"f":{"0":2},"b":{},"_coverageSchema":"1a1c01bbd47fc00a2c39e90264f33305004495a9","hash":"81026ea29f64ec06422634aa6b0bcf137c4d2e24"}
}
