TN:
SF:app/javascript/components/App.js
FN:13,(anonymous_0)
FN:20,(anonymous_1)
FN:24,(anonymous_2)
FN:26,(anonymous_3)
FN:27,(anonymous_4)
FN:28,(anonymous_5)
FN:31,(anonymous_6)
FN:39,(anonymous_7)
FN:40,(anonymous_8)
FN:41,(anonymous_9)
FN:44,(anonymous_10)
FN:51,(anonymous_11)
FN:54,(anonymous_12)
FN:55,(anonymous_13)
FN:59,(anonymous_14)
FN:59,(anonymous_15)
FN:68,(anonymous_16)
FN:71,(anonymous_17)
FN:92,(anonymous_18)
FN:96,(anonymous_19)
FN:100,(anonymous_20)
FN:103,(anonymous_21)
FN:119,(anonymous_22)
FN:126,(anonymous_23)
FN:129,(anonymous_24)
FNF:25
FNH:5
FNDA:6,(anonymous_0)
FNDA:6,(anonymous_1)
FNDA:6,(anonymous_2)
FNDA:0,(anonymous_3)
FNDA:0,(anonymous_4)
FNDA:6,(anonymous_5)
FNDA:0,(anonymous_6)
FNDA:0,(anonymous_7)
FNDA:0,(anonymous_8)
FNDA:0,(anonymous_9)
FNDA:0,(anonymous_10)
FNDA:0,(anonymous_11)
FNDA:0,(anonymous_12)
FNDA:0,(anonymous_13)
FNDA:0,(anonymous_14)
FNDA:0,(anonymous_15)
FNDA:0,(anonymous_16)
FNDA:6,(anonymous_17)
FNDA:0,(anonymous_18)
FNDA:0,(anonymous_19)
FNDA:0,(anonymous_20)
FNDA:0,(anonymous_21)
FNDA:0,(anonymous_22)
FNDA:0,(anonymous_23)
FNDA:0,(anonymous_24)
DA:14,6
DA:15,6
DA:21,6
DA:24,6
DA:25,6
DA:26,0
DA:27,0
DA:28,6
DA:31,6
DA:32,0
DA:39,0
DA:40,0
DA:41,0
DA:44,6
DA:45,0
DA:52,0
DA:54,0
DA:55,0
DA:59,6
DA:60,0
DA:68,0
DA:83,6
DA:84,6
DA:92,0
DA:96,0
DA:101,0
DA:102,0
DA:103,0
DA:105,0
DA:120,0
DA:127,0
DA:128,0
DA:129,0
DA:131,0
LF:34
LH:11
BRF:0
BRH:0
end_of_record
TN:
SF:app/javascript/components/components/BidNew.js
FN:7,(anonymous_0)
FN:16,(anonymous_1)
FN:22,(anonymous_2)
FN:27,(anonymous_3)
FNF:4
FNH:2
FNDA:4,(anonymous_0)
FNDA:0,(anonymous_1)
FNDA:0,(anonymous_2)
FNDA:4,(anonymous_3)
DA:8,4
DA:9,4
DA:16,4
DA:17,0
DA:18,0
DA:19,0
DA:22,4
DA:23,0
DA:24,0
DA:28,4
LF:10
LH:5
BRF:0
BRH:0
end_of_record
TN:
SF:app/javascript/components/components/Header.js
FN:11,(anonymous_0)
FNF:1
FNH:1
FNDA:6,(anonymous_0)
DA:21,6
DA:23,6
LF:2
LH:2
BRDA:32,0,0,6
BRDA:32,0,1,0
BRDA:47,1,0,6
BRDA:47,1,1,6
BRDA:52,2,0,6
BRDA:52,2,1,0
BRDA:57,3,0,6
BRDA:57,3,1,6
BRF:8
BRH:6
end_of_record
TN:
SF:app/javascript/components/pages/AboutUs.js
FN:5,(anonymous_0)
FNF:1
FNH:1
FNDA:1,(anonymous_0)
DA:6,1
LF:1
LH:1
BRF:0
BRH:0
end_of_record
TN:
SF:app/javascript/components/pages/AuctionEdit.js
FN:7,(anonymous_0)
FN:28,(anonymous_1)
FN:34,(anonymous_2)
FN:39,(anonymous_3)
FNF:4
FNH:1
FNDA:1,(anonymous_0)
FNDA:0,(anonymous_1)
FNDA:0,(anonymous_2)
FNDA:0,(anonymous_3)
DA:8,1
DA:9,1
DA:10,0
DA:28,1
DA:29,0
DA:30,0
DA:31,0
DA:34,1
DA:35,0
DA:36,0
DA:40,0
LF:11
LH:4
BRDA:121,0,0,0
BRDA:121,0,1,0
BRF:2
BRH:0
end_of_record
TN:
SF:app/javascript/components/pages/AuctionNew.js
FN:7,(anonymous_0)
FN:27,(anonymous_1)
FN:33,(anonymous_2)
FN:38,(anonymous_3)
FNF:4
FNH:2
FNDA:8,(anonymous_0)
FNDA:0,(anonymous_1)
FNDA:0,(anonymous_2)
FNDA:8,(anonymous_3)
DA:8,8
DA:9,8
DA:27,8
DA:28,0
DA:29,0
DA:30,0
DA:33,8
DA:34,0
DA:35,0
DA:39,8
LF:10
LH:5
BRDA:129,0,0,8
BRDA:129,0,1,0
BRF:2
BRH:1
end_of_record
TN:
SF:app/javascript/components/pages/AuctionShow.js
FN:9,(anonymous_0)
FN:17,(anonymous_1)
FN:25,(anonymous_2)
FN:32,(anonymous_3)
FN:33,(anonymous_4)
FN:34,(anonymous_5)
FN:38,(anonymous_6)
FN:113,(anonymous_7)
FNF:8
FNH:2
FNDA:1,(anonymous_0)
FNDA:0,(anonymous_1)
FNDA:0,(anonymous_2)
FNDA:0,(anonymous_3)
FNDA:0,(anonymous_4)
FNDA:0,(anonymous_5)
FNDA:1,(anonymous_6)
FNDA:0,(anonymous_7)
DA:10,1
DA:11,1
DA:12,1
DA:17,1
DA:18,0
DA:19,0
DA:21,0
DA:25,1
DA:26,0
DA:32,0
DA:33,0
DA:34,0
DA:35,0
DA:39,1
DA:40,1
DA:41,1
DA:43,0
DA:113,0
LF:18
LH:8
BRDA:18,0,0,0
BRDA:18,0,1,0
BRDA:40,1,0,1
BRDA:40,1,1,0
BRDA:100,2,0,0
BRDA:100,2,1,0
BRDA:100,2,2,0
BRDA:105,3,0,0
BRDA:105,3,1,0
BRDA:105,3,2,0
BRDA:111,4,0,0
BRDA:111,4,1,0
BRDA:111,4,2,0
BRDA:120,5,0,0
BRDA:120,5,1,0
BRF:15
BRH:1
end_of_record
TN:
SF:app/javascript/components/pages/Home.js
FN:5,(anonymous_0)
FN:9,(anonymous_1)
FNF:2
FNH:1
FNDA:1,(anonymous_0)
FNDA:0,(anonymous_1)
DA:6,1
DA:10,0
LF:2
LH:1
BRF:0
BRH:0
end_of_record
TN:
SF:app/javascript/components/pages/MyAuctions.js
FN:5,(anonymous_0)
FN:9,(anonymous_1)
FNF:2
FNH:1
FNDA:1,(anonymous_0)
FNDA:0,(anonymous_1)
DA:6,1
DA:10,0
LF:2
LH:1
BRF:0
BRH:0
end_of_record
TN:
SF:app/javascript/components/pages/MyBids.js
FN:6,(anonymous_0)
FNF:1
FNH:1
FNDA:2,(anonymous_0)
DA:7,2
LF:1
LH:1
BRF:0
BRH:0
end_of_record
